<?xml version="1.0" encoding="UTF-8"?>
<robot generator="Robot 7.4.1 (Python 3.14.2 on win32)" generated="2026-02-13T11:49:30.342438" rpa="false" schemaversion="5">
<suite id="s1" name="Foodie" source="C:\Gitfiles\foodie_appProject\robot_tests\foodie.robot">
<test id="s1-t1" name="Register Restaurant" line="7">
<kw name="Create Session" owner="RequestsLibrary">
<msg time="2026-02-13T11:49:30.469375" level="INFO">Creating Session using : alias=foodie, url=http://127.0.0.1:5001, headers={},                     cookies={}, auth=None, timeout=None, proxies=None, verify=False,                     debug=0 </msg>
<arg>foodie</arg>
<arg>http://127.0.0.1:5001</arg>
<doc>Create Session: create a HTTP session to a server</doc>
<status status="PASS" start="2026-02-13T11:49:30.469217" elapsed="0.000356"/>
</kw>
<kw name="Evaluate" owner="BuiltIn">
<msg time="2026-02-13T11:49:30.470274" level="INFO">${rand} = 9073</msg>
<var>${rand}</var>
<arg>__import__('random').randint(1000,9999)</arg>
<doc>Evaluates the given expression in Python and returns the result.</doc>
<status status="PASS" start="2026-02-13T11:49:30.469772" elapsed="0.000545"/>
</kw>
<kw name="Set Variable" owner="BuiltIn">
<msg time="2026-02-13T11:49:30.470924" level="INFO">${name} = SpicyHub_9073</msg>
<var>${name}</var>
<arg>SpicyHub_${rand}</arg>
<doc>Returns the given values which can then be assigned to a variables.</doc>
<status status="PASS" start="2026-02-13T11:49:30.470551" elapsed="0.000406"/>
</kw>
<kw name="Create Dictionary" owner="BuiltIn">
<msg time="2026-02-13T11:49:30.471651" level="INFO">${payload} = {'name': 'SpicyHub_9073', 'category': 'Non-Veg', 'location': 'Delhi'}</msg>
<var>${payload}</var>
<arg>name=${name}</arg>
<arg>category=Non-Veg</arg>
<arg>location=Delhi</arg>
<doc>Creates and returns a dictionary based on the given ``items``.</doc>
<status status="PASS" start="2026-02-13T11:49:30.471166" elapsed="0.000513"/>
</kw>
<kw name="POST On Session" owner="RequestsLibrary">
<msg time="2026-02-13T11:49:30.497841" level="INFO">POST Request : url=http://127.0.0.1:5001/api/v1/restaurants 
 path_url=/api/v1/restaurants 
 headers={'User-Agent': 'python-requests/2.32.5', 'Accept-Encoding': 'gzip, deflate, zstd', 'Accept': '*/*', 'Connection': 'keep-alive', 'Content-Length': '69', 'Content-Type': 'application/json'} 
 body=b'{"name": "SpicyHub_9073", "category": "Non-Veg", "location": "Delhi"}' 
 </msg>
<msg time="2026-02-13T11:49:30.497932" level="INFO">POST Response : url=http://127.0.0.1:5001/api/v1/restaurants 
 status=201, reason=CREATED 
 headers={'Server': 'Werkzeug/3.1.5 Python/3.14.2', 'Date': 'Fri, 13 Feb 2026 06:19:30 GMT', 'Content-Type': 'application/json', 'Content-Length': '41', 'Connection': 'close'} 
 body={
  "id": 3,
  "name": "SpicyHub_9073"
}
 
 </msg>
<msg time="2026-02-13T11:49:30.498044" level="INFO">${resp} = &lt;Response [201]&gt;</msg>
<var>${resp}</var>
<arg>foodie</arg>
<arg>/api/v1/restaurants</arg>
<arg>json=${payload}</arg>
<doc>Sends a POST request on a previously created HTTP Session.</doc>
<status status="PASS" start="2026-02-13T11:49:30.471839" elapsed="0.026227"/>
</kw>
<kw name="Status Should Be" owner="RequestsLibrary">
<arg>201</arg>
<arg>${resp}</arg>
<doc>Fails if response status code is different than the expected.</doc>
<status status="PASS" start="2026-02-13T11:49:30.498348" elapsed="0.000432"/>
</kw>
<status status="PASS" start="2026-02-13T11:49:30.468437" elapsed="0.030644"/>
</test>
<status status="PASS" start="2026-02-13T11:49:30.343935" elapsed="0.155876"/>
</suite>
<statistics>
<total>
<stat pass="1" fail="0" skip="0">All Tests</stat>
</total>
<tag>
</tag>
<suite>
<stat name="Foodie" id="s1" pass="1" fail="0" skip="0">Foodie</stat>
</suite>
</statistics>
<errors>
</errors>
</robot>
